<?xml version="1.0" encoding="UTF-8"?>
<!-- Generated by org.testng.reporters.JUnitReportReporter -->
<testsuite skipped="0" hostname="gaurav-Inspiron-3521" name="com.twitter.tests.HomepageTest" tests="4" failures="0" timestamp="28 Nov 2017 17:13:35 GMT" time="78.270" errors="0">
  <testcase name="validateHomePageTitleTest" time="11.755" classname="com.twitter.tests.HomepageTest"/>
  <testcase name="validatePostTweetTest" time="20.301" classname="com.twitter.tests.HomepageTest"/>
  <testcase name="validatePostTweetTest" time="25.635" classname="com.twitter.tests.HomepageTest"/>
  <testcase name="validatePostTweetTest" time="20.579" classname="com.twitter.tests.HomepageTest"/>
</testsuite> <!-- com.twitter.tests.HomepageTest -->
