<?xml version="1.0" encoding="UTF-8"?>
<!-- Generated by org.testng.reporters.JUnitReportReporter -->
<testsuite skipped="0" hostname="gaurav-Inspiron-3521" name="com.twitter.utility.TestUtil" tests="1" failures="0" timestamp="21 Nov 2017 14:09:27 GMT" time="0.961" errors="0">
  <testcase name="getExcelData" time="0.961" classname="com.twitter.utility.TestUtil"/>
</testsuite> <!-- com.twitter.utility.TestUtil -->
