<?xml version="1.0" encoding="UTF-8"?>
<!-- Generated by org.testng.reporters.JUnitReportReporter -->
<testsuite skipped="0" hostname="gaurav-Inspiron-3521" name="com.twitter.tests.LoginTest" tests="2" failures="0" timestamp="20 Nov 2017 14:09:54 GMT" time="17.421" errors="0">
  <testcase name="loginTitleTest" time="7.229" classname="com.twitter.tests.LoginTest"/>
  <testcase name="login" time="10.192" classname="com.twitter.tests.LoginTest"/>
</testsuite> <!-- com.twitter.tests.LoginTest -->
